
> calhambeque@0.1.0 build
> next build

▲ Next.js 16.2.1 (Turbopack)
- Environments: .env.local

  Creating an optimized production build ...

> Build error occurred
Error: Turbopack build failed with 5 errors:
./components/sections/About.tsx:135:1
Expression expected
  [90m133 |[0m   );
  [90m134 |[0m });
[31m[1m>[0m [90m135 |[0m }
  [90m    |[0m [31m[1m^[0m
  [90m136 |[0m

Parsing ecmascript source code failed

Import trace:
  Server Component:
    ./components/sections/About.tsx
    ./app/page.tsx


./components/sections/Contact.tsx:141:1
Expression expected
  [90m139 |[0m   );
  [90m140 |[0m });
[31m[1m>[0m [90m141 |[0m }
  [90m    |[0m [31m[1m^[0m
  [90m142 |[0m

Parsing ecmascript source code failed

Import trace:
  Server Component:
    ./components/sections/Contact.tsx
    ./app/page.tsx


./components/sections/Events.tsx:108:1
Expression expected
  [90m106 |[0m   );
  [90m107 |[0m });
[31m[1m>[0m [90m108 |[0m }
  [90m    |[0m [31m[1m^[0m
  [90m109 |[0m

Parsing ecmascript source code failed

Import trace:
  Server Component:
    ./components/sections/Events.tsx
    ./app/page.tsx


./components/sections/Footer.tsx:175:1
Expression expected
  [90m173 |[0m   );
  [90m174 |[0m });
[31m[1m>[0m [90m175 |[0m }
  [90m    |[0m [31m[1m^[0m

Parsing ecmascript source code failed

Import trace:
  Server Component:
    ./components/sections/Footer.tsx
    ./app/page.tsx


./components/sections/Hero.tsx:136:1
Expression expected
  [90m134 |[0m   );
  [90m135 |[0m });
[31m[1m>[0m [90m136 |[0m }
  [90m    |[0m [31m[1m^[0m
  [90m137 |[0m

Parsing ecmascript source code failed

Import trace:
  Server Component:
    ./components/sections/Hero.tsx
    ./app/page.tsx


    at <unknown> (./components/sections/About.tsx:135:1)
    at <unknown> (./components/sections/Contact.tsx:141:1)
    at <unknown> (./components/sections/Events.tsx:108:1)
    at <unknown> (./components/sections/Footer.tsx:175:1)
    at <unknown> (./components/sections/Hero.tsx:136:1)
